g_1(x) = (x*x+2)/3
  k               x              err                ratio
  0      3.000000e+00      1.000000e+00
  1      3.666667e+00      1.666667e+00      1.666667e+00
  2      5.148148e+00      3.148148e+00      1.888889e+00
  3      9.501143e+00      7.501143e+00      2.382716e+00
  4      3.075724e+01      2.875724e+01      3.833714e+00
  5      3.160026e+02      3.140026e+02      1.091908e+01
  6      3.328655e+04      3.328455e+04      1.060009e+02
  7      3.693315e+08      3.693315e+08      1.109618e+04
  8      4.546858e+16      4.546858e+16      1.231105e+08
  9      6.891304e+32      6.891304e+32      1.515619e+16
 10      1.583003e+65      1.583003e+65      2.297101e+32
 11     8.352990e+129     8.352990e+129      5.276675e+64
 12     2.325748e+259     2.325748e+259     2.784330e+129
 
g_2(x) = sqrt(3*x-2)
  k               x              err                ratio
  0      3.000000e+00      1.000000e+00
  1      2.645751e+00      6.457513e-01      6.457513e-01
  2      2.436648e+00      4.366481e-01      6.761862e-01
  3      2.304332e+00      3.043316e-01      6.969723e-01
  4      2.216528e+00      2.165277e-01      7.114859e-01
  5      2.156289e+00      1.562892e-01      7.217977e-01
  6      2.113970e+00      1.139696e-01      7.292227e-01
  7      2.083725e+00      8.372475e-02      7.346235e-01
  8      2.061838e+00      6.183759e-02      7.385820e-01
  9      2.045853e+00      4.585258e-02      7.415001e-01
 10      2.034099e+00      3.409875e-02      7.436605e-01
 11      2.025413e+00      2.541261e-02      7.452652e-01
 12      2.018970e+00      1.896950e-02      7.464600e-01
 
g_3(x) = 3-2/x
  k               x              err                ratio
  0      3.000000e+00      1.000000e+00
  1      2.333333e+00      3.333333e-01      3.333333e-01
  2      2.142857e+00      1.428571e-01      4.285714e-01
  3      2.066667e+00      6.666667e-02      4.666667e-01
  4      2.032258e+00      3.225806e-02      4.838710e-01
  5      2.015873e+00      1.587302e-02      4.920635e-01
  6      2.007874e+00      7.874016e-03      4.960630e-01
 
g_4(x) = (x*x-2)/(2*x-3)
  k               x              err                ratio
  0      3.000000e+00      1.000000e+00
  1      2.333333e+00      3.333333e-01      3.333333e-01
  2      2.066667e+00      6.666667e-02      2.000000e-01
  3      2.003922e+00      3.921569e-03      5.882353e-02
 
