
k       a      f(a)      b      f(b)
0 1.000000 -6.000000 3.000000 16.000000
1 2.000000 -1.000000 3.000000 16.000000
2 2.000000 -1.000000 2.500000 5.625000
3 2.000000 -1.000000 2.250000 1.890625
4 2.000000 -1.000000 2.125000 0.345703
5 2.062500 -0.351318 2.125000 0.345703
6 2.093750 -0.008942 2.125000 0.345703
7 2.093750 -0.008942 2.109375 0.166836
8 2.093750 -0.008942 2.101562 0.078562
9 2.093750 -0.008942 2.097656 0.034714
10 2.093750 -0.008942 2.095703 0.012862
11 2.093750 -0.008942 2.094727 0.001954
k       xk      f(xk)     g(xk)      hk
0 1.000000 -6.000000 1.000000 6.000000
1 7.000000 324.000000 145.000000 -2.234483
2 4.765517 93.694599 66.130464 -1.416814
3 3.348703 25.854312 31.641431 -0.817103
4 2.531600 6.161815 17.226990 -0.357684
5 2.173916 0.925900 12.177731 -0.076032
6 2.097884 0.037262 11.203348 -0.003326
7 2.094558 0.000070 11.161516 -0.000006
k       xk      f(xk)      hk
0 1.000000 -6.000000 
1 3.000000 16.000000 -1.454545 
2 1.545455 -4.399699 0.313709
3 1.859163 -2.292151 0.341187
4 2.200350 1.252384 -0.120551
5 2.079799 -0.163293 0.013905
6 2.093704 -0.009452 0.000854
7 2.094559 0.000079 -0.000007
