k       a      f(a)      b      f(b)
0 0.000000 1.000000 1.000000 -0.632121
1 0.500000 0.106531 1.000000 -0.632121
2 0.500000 0.106531 0.750000 -0.277633
3 0.500000 0.106531 0.625000 -0.089739
4 0.562500 0.007283 0.625000 -0.089739
5 0.562500 0.007283 0.593750 -0.041498
6 0.562500 0.007283 0.578125 -0.017176
7 0.562500 0.007283 0.570312 -0.004964
8 0.566406 0.001155 0.570312 -0.004964
9 0.566406 0.001155 0.568359 -0.001905
10 0.566406 0.001155 0.567383 -0.000375
k       xk      f(xk)     g(xk)      hk
0 1.000000 -0.632121 -1.367879 -0.462117
1 0.537883 0.046100 -1.583983 0.029104
2 0.566987 0.000245 -1.567232 0.000156
k       xk      f(xk)      hk
0 0.000000 1.000000 
1 1.000000 -0.632121 -0.387300 
2 0.612700 -0.070814 -0.048861
3 0.563838 0.005182 0.003332
4 0.567170 -0.000042 -0.000027
