k       xk      f(xk)     g(xk)      hk
0 0.000000 1.000000 -2.000000 0.500000
1 0.500000 0.106531 -1.606531 0.066311
2 0.566311 0.001305 -1.567616 0.000832
3 0.567143 0.000000 -1.567143 0.000000
k       a      f(a)      b      f(b)
0 1.000000 -0.158529 2.000000 0.818595
1 1.000000 -0.158529 1.500000 0.496242
2 1.000000 -0.158529 1.250000 0.186231
3 1.000000 -0.158529 1.125000 0.015051
4 1.062500 -0.071827 1.125000 0.015051
5 1.093750 -0.028362 1.125000 0.015051
6 1.109375 -0.006643 1.125000 0.015051
7 1.109375 -0.006643 1.117188 0.004208
8 1.113281 -0.001216 1.117188 0.004208
9 1.113281 -0.001216 1.115234 0.001496
10 1.113281 -0.001216 1.114258 0.000140
k       xk      f(xk)     g(xk)      hk
0 1.000000 -0.158529 1.381773 0.114729
1 1.114729 0.000794 1.388741 -0.000572
k       xk      f(xk)      hk
0 1.000000 -0.158529 
1 2.000000 0.818595 -0.837760 
2 1.162240 0.066583 -0.074175
3 1.088066 -0.036267 0.026156
4 1.114221 0.000089 -0.000064
