k       a      f(a)      b      f(b)
{Error using <a href="matlab:matlab.internal.language.introspective.errorDocCallback('bisection', '/Users/Ray/Desktop/CSC336/A3/bisection.m', 5)" style="font-weight:bold">bisection</a> (<a href="matlab: opentoline('/Users/Ray/Desktop/CSC336/A3/bisection.m',5,0)">line 5</a>)
Not enough input arguments.
} 
bisection(1,3,0.001)
k       a      f(a)      b      f(b)
0 1.000000 -6.000000 3.000000 16.000000
1 2.000000 -1.000000 3.000000 16.000000
2 2.000000 -1.000000 2.500000 5.625000
3 2.000000 -1.000000 2.250000 1.890625
4 2.000000 -1.000000 2.125000 0.345703
5 2.062500 -0.351318 2.125000 0.345703
6 2.093750 -0.008942 2.125000 0.345703
7 2.093750 -0.008942 2.109375 0.166836
8 2.093750 -0.008942 2.101562 0.078562
9 2.093750 -0.008942 2.097656 0.034714
10 2.093750 -0.008942 2.095703 0.012862
11 2.093750 -0.008942 2.094727 0.001954
k       a      f(a)      b      f(b)
0 1.000000 -6.000000 3.000000 16.000000
1 2.000000 -1.000000 3.000000 16.000000
2 2.000000 -1.000000 2.500000 5.625000
3 2.000000 -1.000000 2.250000 1.890625
4 2.000000 -1.000000 2.125000 0.345703
5 2.062500 -0.351318 2.125000 0.345703
6 2.093750 -0.008942 2.125000 0.345703
7 2.093750 -0.008942 2.109375 0.166836
8 2.093750 -0.008942 2.101562 0.078562
9 2.093750 -0.008942 2.097656 0.034714
10 2.093750 -0.008942 2.095703 0.012862
11 2.093750 -0.008942 2.094727 0.001954
