
(a)

   1.0e+26 *

    0.0000    0.0000    0.0000    0.0000    0.0000    0.0000    0.0000    0.0009    1.6984
    0.0000    0.0000    0.0000    0.0000    0.0000    0.0000    0.0000    0.0009    1.7712
    0.0000    0.0000    0.0000    0.0000    0.0000    0.0000    0.0000    0.0010    1.8468
    0.0000    0.0000    0.0000    0.0000    0.0000    0.0000    0.0000    0.0010    1.9251
    0.0000    0.0000    0.0000    0.0000    0.0000    0.0000    0.0000    0.0010    2.0064
    0.0000    0.0000    0.0000    0.0000    0.0000    0.0000    0.0000    0.0011    2.0906
    0.0000    0.0000    0.0000    0.0000    0.0000    0.0000    0.0000    0.0011    2.1780
    0.0000    0.0000    0.0000    0.0000    0.0000    0.0000    0.0000    0.0012    2.2685
    0.0000    0.0000    0.0000    0.0000    0.0000    0.0000    0.0000    0.0012    2.3622

condition number is 6.01e+36


(b)

   1.0e+15 *

    0.0000         0         0         0         0         0         0         0         0
    0.0000    0.0000    0.0000    0.0000    0.0000    0.0000    0.0000    0.0000    0.0000
    0.0000    0.0000    0.0000    0.0000    0.0000    0.0000    0.0000    0.0000    0.0000
    0.0000    0.0000    0.0000    0.0000    0.0000    0.0000    0.0000    0.0000    0.0007
    0.0000    0.0000    0.0000    0.0000    0.0000    0.0000    0.0000    0.0002    0.0066
    0.0000    0.0000    0.0000    0.0000    0.0000    0.0000    0.0000    0.0008    0.0391
    0.0000    0.0000    0.0000    0.0000    0.0000    0.0000    0.0000    0.0028    0.1680
    0.0000    0.0000    0.0000    0.0000    0.0000    0.0000    0.0001    0.0082    0.5765
    0.0000    0.0000    0.0000    0.0000    0.0000    0.0000    0.0003    0.0210    1.6777

condition number is 6.23e+15

(c)

   1.0e+12 *

    0.0000   -0.0000    0.0000   -0.0000    0.0000   -0.0001    0.0041   -0.1638    6.5536
    0.0000   -0.0000    0.0000   -0.0000    0.0000   -0.0000    0.0007   -0.0219    0.6561
    0.0000   -0.0000    0.0000   -0.0000    0.0000   -0.0000    0.0001   -0.0013    0.0256
    0.0000   -0.0000    0.0000   -0.0000    0.0000   -0.0000    0.0000   -0.0000    0.0001
    0.0000         0         0         0         0         0         0         0         0
    0.0000    0.0000    0.0000    0.0000    0.0000    0.0000    0.0000    0.0000    0.0001
    0.0000    0.0000    0.0000    0.0000    0.0000    0.0000    0.0001    0.0013    0.0256
    0.0000    0.0000    0.0000    0.0000    0.0000    0.0000    0.0007    0.0219    0.6561
    0.0000    0.0000    0.0000    0.0000    0.0000    0.0001    0.0041    0.1638    6.5536

condition number is 9.32e+12

(d)

    1.0000   -1.0000    1.0000   -1.0000    1.0000   -1.0000    1.0000   -1.0000    1.0000
    1.0000   -0.7500    0.5625   -0.4219    0.3164   -0.2373    0.1780   -0.1335    0.1001
    1.0000   -0.5000    0.2500   -0.1250    0.0625   -0.0312    0.0156   -0.0078    0.0039
    1.0000   -0.2500    0.0625   -0.0156    0.0039   -0.0010    0.0002   -0.0001    0.0000
    1.0000         0         0         0         0         0         0         0         0
    1.0000    0.2500    0.0625    0.0156    0.0039    0.0010    0.0002    0.0001    0.0000
    1.0000    0.5000    0.2500    0.1250    0.0625    0.0312    0.0156    0.0078    0.0039
    1.0000    0.7500    0.5625    0.4219    0.3164    0.2373    0.1780    0.1335    0.1001
    1.0000    1.0000    1.0000    1.0000    1.0000    1.0000    1.0000    1.0000    1.0000

condition number is 1.61e+03
